[20:46:08] Loading modules
[20:46:08] Activating conda env
[20:46:10] Starting training script
Starting program with arguments: Namespace(model='cnn', mode='train', train_mode='fine_tune', data_dir='dogs', epochs=50, batch_size=200, num_classes=121, img_size=256, percentage=1.0, input_model='cnn_model.pth', input_model_G=None, input_model_D=None, seed=42)
Loading data from dogs...
Loaded 20580 total dog samples.
Reduced training set size: 16464
Data loaded successfully.
Loaded CNN model from cnn_model.pth
Training in fine_tune mode, with 16464 datapoints
[2025-04-20 20:46:17] Epoch 1/50
train Loss: 1.3715 Sample-Acc: 0.5315
val Loss: 1.3600 Sample-Acc: 0.6057
[2025-04-20 20:48:39] Finished epoch 1
----------
[2025-04-20 20:48:39] Epoch 2/50
train Loss: 1.3472 Sample-Acc: 0.6008
val Loss: 1.3100 Sample-Acc: 0.6179
[2025-04-20 20:50:55] Finished epoch 2
----------
[2025-04-20 20:50:55] Epoch 3/50
train Loss: 1.3158 Sample-Acc: 0.6078
val Loss: 1.2621 Sample-Acc: 0.6266
[2025-04-20 20:53:11] Finished epoch 3
----------
[2025-04-20 20:53:11] Epoch 4/50
train Loss: 1.2916 Sample-Acc: 0.6173
val Loss: 1.2303 Sample-Acc: 0.6306
[2025-04-20 20:55:27] Finished epoch 4
----------
[2025-04-20 20:55:27] Epoch 5/50
train Loss: 1.2748 Sample-Acc: 0.6209
val Loss: 1.2084 Sample-Acc: 0.6279
[2025-04-20 20:57:43] Finished epoch 5
----------
[2025-04-20 20:57:43] Epoch 6/50
train Loss: 1.2629 Sample-Acc: 0.6222
val Loss: 1.1942 Sample-Acc: 0.6331
[2025-04-20 21:00:00] Finished epoch 6
----------
[2025-04-20 21:00:00] Epoch 7/50
train Loss: 1.2568 Sample-Acc: 0.6291
val Loss: 1.1842 Sample-Acc: 0.6383
[2025-04-20 21:02:17] Finished epoch 7
----------
[2025-04-20 21:02:17] Epoch 8/50
train Loss: 1.2519 Sample-Acc: 0.6283
val Loss: 1.1750 Sample-Acc: 0.6399
[2025-04-20 21:04:33] Finished epoch 8
----------
[2025-04-20 21:04:33] Epoch 9/50
train Loss: 1.2427 Sample-Acc: 0.6322
val Loss: 1.1657 Sample-Acc: 0.6468
[2025-04-20 21:06:49] Finished epoch 9
----------
[2025-04-20 21:06:49] Epoch 10/50
train Loss: 1.2409 Sample-Acc: 0.6350
val Loss: 1.1613 Sample-Acc: 0.6534
[2025-04-20 21:09:06] Finished epoch 10
----------
[2025-04-20 21:09:06] Epoch 11/50
train Loss: 1.2382 Sample-Acc: 0.6385
val Loss: 1.1533 Sample-Acc: 0.6517
[2025-04-20 21:11:23] Finished epoch 11
----------
[2025-04-20 21:11:23] Epoch 12/50
train Loss: 1.2326 Sample-Acc: 0.6385
val Loss: 1.1506 Sample-Acc: 0.6531
[2025-04-20 21:13:40] Finished epoch 12
----------
[2025-04-20 21:13:40] Epoch 13/50
train Loss: 1.2283 Sample-Acc: 0.6411
val Loss: 1.1501 Sample-Acc: 0.6477
[2025-04-20 21:15:57] Finished epoch 13
----------
[2025-04-20 21:15:57] Epoch 14/50
train Loss: 1.2286 Sample-Acc: 0.6380
val Loss: 1.1446 Sample-Acc: 0.6533
[2025-04-20 21:18:14] Finished epoch 14
----------
[2025-04-20 21:18:14] Epoch 15/50
train Loss: 1.2247 Sample-Acc: 0.6426
val Loss: 1.1447 Sample-Acc: 0.6577
[2025-04-20 21:20:31] Finished epoch 15
----------
[2025-04-20 21:20:31] Epoch 16/50
train Loss: 1.2227 Sample-Acc: 0.6432
val Loss: 1.1397 Sample-Acc: 0.6601
[2025-04-20 21:22:47] Finished epoch 16
----------
[2025-04-20 21:22:47] Epoch 17/50
train Loss: 1.2181 Sample-Acc: 0.6442
val Loss: 1.1331 Sample-Acc: 0.6617
[2025-04-20 21:25:04] Finished epoch 17
----------
[2025-04-20 21:25:04] Epoch 18/50
train Loss: 1.2192 Sample-Acc: 0.6453
val Loss: 1.1303 Sample-Acc: 0.6669
[2025-04-20 21:27:20] Finished epoch 18
----------
[2025-04-20 21:27:20] Epoch 19/50
train Loss: 1.2209 Sample-Acc: 0.6442
val Loss: 1.1279 Sample-Acc: 0.6657
[2025-04-20 21:29:36] Finished epoch 19
----------
[2025-04-20 21:29:36] Epoch 20/50
train Loss: 1.2174 Sample-Acc: 0.6447
val Loss: 1.1295 Sample-Acc: 0.6588
[2025-04-20 21:31:53] Finished epoch 20
----------
[2025-04-20 21:31:53] Epoch 21/50
train Loss: 1.2201 Sample-Acc: 0.6441
val Loss: 1.1313 Sample-Acc: 0.6530
[2025-04-20 21:34:10] Finished epoch 21
----------
[2025-04-20 21:34:10] Epoch 22/50
train Loss: 1.2135 Sample-Acc: 0.6461
val Loss: 1.1280 Sample-Acc: 0.6616
[2025-04-20 21:36:27] Finished epoch 22
----------
[2025-04-20 21:36:27] Epoch 23/50
train Loss: 1.2105 Sample-Acc: 0.6477
val Loss: 1.1228 Sample-Acc: 0.6619
[2025-04-20 21:38:44] Finished epoch 23
----------
[2025-04-20 21:38:44] Epoch 24/50
train Loss: 1.2137 Sample-Acc: 0.6443
val Loss: 1.1243 Sample-Acc: 0.6618
[2025-04-20 21:41:00] Finished epoch 24
----------
[2025-04-20 21:41:00] Epoch 25/50
train Loss: 1.2128 Sample-Acc: 0.6471
val Loss: 1.1172 Sample-Acc: 0.6627
[2025-04-20 21:43:15] Finished epoch 25
----------
[2025-04-20 21:43:15] Epoch 26/50
train Loss: 1.2134 Sample-Acc: 0.6460
val Loss: 1.1196 Sample-Acc: 0.6631
[2025-04-20 21:45:30] Finished epoch 26
----------
[2025-04-20 21:45:30] Epoch 27/50
train Loss: 1.2087 Sample-Acc: 0.6465
val Loss: 1.1191 Sample-Acc: 0.6667
[2025-04-20 21:47:46] Finished epoch 27
----------
[2025-04-20 21:47:46] Epoch 28/50
train Loss: 1.2077 Sample-Acc: 0.6479
val Loss: 1.1123 Sample-Acc: 0.6718
[2025-04-20 21:50:02] Finished epoch 28
----------
[2025-04-20 21:50:02] Epoch 29/50
train Loss: 1.2065 Sample-Acc: 0.6495
val Loss: 1.1207 Sample-Acc: 0.6643
[2025-04-20 21:52:18] Finished epoch 29
----------
[2025-04-20 21:52:18] Epoch 30/50
train Loss: 1.2080 Sample-Acc: 0.6467
val Loss: 1.1156 Sample-Acc: 0.6653
[2025-04-20 21:54:33] Finished epoch 30
----------
[2025-04-20 21:54:33] Epoch 31/50
train Loss: 1.2069 Sample-Acc: 0.6493
val Loss: 1.1145 Sample-Acc: 0.6673
[2025-04-20 21:56:49] Finished epoch 31
----------
[2025-04-20 21:56:49] Epoch 32/50
train Loss: 1.2067 Sample-Acc: 0.6468
val Loss: 1.1149 Sample-Acc: 0.6677
[2025-04-20 21:59:04] Finished epoch 32
----------
[2025-04-20 21:59:04] Epoch 33/50
train Loss: 1.2075 Sample-Acc: 0.6474
val Loss: 1.1150 Sample-Acc: 0.6727
[2025-04-20 22:01:20] Finished epoch 33
----------
[2025-04-20 22:01:20] Epoch 34/50
train Loss: 1.2047 Sample-Acc: 0.6487
val Loss: 1.1138 Sample-Acc: 0.6703
[2025-04-20 22:03:36] Finished epoch 34
----------
[2025-04-20 22:03:36] Epoch 35/50
train Loss: 1.2017 Sample-Acc: 0.6516
val Loss: 1.1112 Sample-Acc: 0.6702
[2025-04-20 22:05:53] Finished epoch 35
----------
[2025-04-20 22:05:53] Epoch 36/50
train Loss: 1.2006 Sample-Acc: 0.6505
val Loss: 1.1088 Sample-Acc: 0.6760
[2025-04-20 22:08:09] Finished epoch 36
----------
[2025-04-20 22:08:09] Epoch 37/50
train Loss: 1.2039 Sample-Acc: 0.6488
val Loss: 1.1087 Sample-Acc: 0.6718
[2025-04-20 22:10:26] Finished epoch 37
----------
[2025-04-20 22:10:26] Epoch 38/50
train Loss: 1.2003 Sample-Acc: 0.6521
val Loss: 1.1104 Sample-Acc: 0.6694
[2025-04-20 22:12:43] Finished epoch 38
----------
[2025-04-20 22:12:43] Epoch 39/50
train Loss: 1.2015 Sample-Acc: 0.6482
val Loss: 1.1078 Sample-Acc: 0.6716
[2025-04-20 22:15:00] Finished epoch 39
----------
[2025-04-20 22:15:00] Epoch 40/50
train Loss: 1.1994 Sample-Acc: 0.6491
val Loss: 1.1078 Sample-Acc: 0.6693
[2025-04-20 22:17:16] Finished epoch 40
----------
[2025-04-20 22:17:16] Epoch 41/50
train Loss: 1.2000 Sample-Acc: 0.6508
val Loss: 1.1073 Sample-Acc: 0.6674
[2025-04-20 22:19:32] Finished epoch 41
----------
[2025-04-20 22:19:32] Epoch 42/50
train Loss: 1.1994 Sample-Acc: 0.6497
val Loss: 1.1089 Sample-Acc: 0.6680
[2025-04-20 22:21:49] Finished epoch 42
----------
[2025-04-20 22:21:49] Epoch 43/50
train Loss: 1.1969 Sample-Acc: 0.6523
val Loss: 1.1024 Sample-Acc: 0.6724
[2025-04-20 22:24:05] Finished epoch 43
----------
[2025-04-20 22:24:05] Epoch 44/50
train Loss: 1.2058 Sample-Acc: 0.6451
val Loss: 1.1051 Sample-Acc: 0.6692
[2025-04-20 22:26:21] Finished epoch 44
----------
[2025-04-20 22:26:21] Epoch 45/50
train Loss: 1.1928 Sample-Acc: 0.6505
val Loss: 1.1058 Sample-Acc: 0.6697
[2025-04-20 22:28:38] Finished epoch 45
----------
[2025-04-20 22:28:38] Epoch 46/50
train Loss: 1.1955 Sample-Acc: 0.6522
val Loss: 1.0999 Sample-Acc: 0.6729
[2025-04-20 22:30:54] Finished epoch 46
----------
[2025-04-20 22:30:54] Epoch 47/50
train Loss: 1.1944 Sample-Acc: 0.6520
val Loss: 1.0991 Sample-Acc: 0.6750
[2025-04-20 22:33:10] Finished epoch 47
----------
[2025-04-20 22:33:10] Epoch 48/50
train Loss: 1.1974 Sample-Acc: 0.6476
val Loss: 1.1000 Sample-Acc: 0.6700
[2025-04-20 22:35:27] Finished epoch 48
----------
[2025-04-20 22:35:27] Epoch 49/50
train Loss: 1.1983 Sample-Acc: 0.6480
val Loss: 1.1008 Sample-Acc: 0.6784
[2025-04-20 22:37:44] Finished epoch 49
----------
[2025-04-20 22:37:44] Epoch 50/50
train Loss: 1.2005 Sample-Acc: 0.6509
val Loss: 1.1019 Sample-Acc: 0.6723
[2025-04-20 22:40:02] Finished epoch 50
----------
Training complete. Best val loss: 1.0991
Test Sample-Acc: 0.6702
[22:40:19] SLURM job complete
