[20:45:58] Loading modules
[20:45:58] Activating conda env
[20:45:59] Starting training script
Starting program with arguments: Namespace(model='cnn', mode='train', train_mode='fine_tune', data_dir='dogs', epochs=50, batch_size=200, num_classes=121, img_size=256, percentage=0.4, input_model='cnn_model.pth', input_model_G=None, input_model_D=None, seed=42)
Loading data from dogs...
Loaded 20580 total dog samples.
Reduced training set size: 6541
Data loaded successfully.
Loaded CNN model from cnn_model.pth
Training in fine_tune mode, with 6541 datapoints
[2025-04-20 20:46:02] Epoch 1/50
train Loss: 1.3761 Sample-Acc: 0.5077
val Loss: 1.3760 Sample-Acc: 0.5073
[2025-04-20 20:47:10] Finished epoch 1
----------
[2025-04-20 20:47:10] Epoch 2/50
train Loss: 1.3694 Sample-Acc: 0.5464
val Loss: 1.3633 Sample-Acc: 0.6276
[2025-04-20 20:48:14] Finished epoch 2
----------
[2025-04-20 20:48:14] Epoch 3/50
train Loss: 1.3564 Sample-Acc: 0.5974
val Loss: 1.3413 Sample-Acc: 0.6352
[2025-04-20 20:49:19] Finished epoch 3
----------
[2025-04-20 20:49:19] Epoch 4/50
train Loss: 1.3405 Sample-Acc: 0.6182
val Loss: 1.3156 Sample-Acc: 0.6363
[2025-04-20 20:50:23] Finished epoch 4
----------
[2025-04-20 20:50:23] Epoch 5/50
train Loss: 1.3205 Sample-Acc: 0.6156
val Loss: 1.2900 Sample-Acc: 0.6367
[2025-04-20 20:51:28] Finished epoch 5
----------
[2025-04-20 20:51:28] Epoch 6/50
train Loss: 1.3036 Sample-Acc: 0.6204
val Loss: 1.2649 Sample-Acc: 0.6270
[2025-04-20 20:52:33] Finished epoch 6
----------
[2025-04-20 20:52:33] Epoch 7/50
train Loss: 1.2938 Sample-Acc: 0.6161
val Loss: 1.2467 Sample-Acc: 0.6251
[2025-04-20 20:53:37] Finished epoch 7
----------
[2025-04-20 20:53:37] Epoch 8/50
train Loss: 1.2808 Sample-Acc: 0.6198
val Loss: 1.2347 Sample-Acc: 0.6315
[2025-04-20 20:54:42] Finished epoch 8
----------
[2025-04-20 20:54:42] Epoch 9/50
train Loss: 1.2696 Sample-Acc: 0.6194
val Loss: 1.2236 Sample-Acc: 0.6258
[2025-04-20 20:55:47] Finished epoch 9
----------
[2025-04-20 20:55:47] Epoch 10/50
train Loss: 1.2608 Sample-Acc: 0.6227
val Loss: 1.2144 Sample-Acc: 0.6305
[2025-04-20 20:56:52] Finished epoch 10
----------
[2025-04-20 20:56:52] Epoch 11/50
train Loss: 1.2603 Sample-Acc: 0.6262
val Loss: 1.2091 Sample-Acc: 0.6343
[2025-04-20 20:57:56] Finished epoch 11
----------
[2025-04-20 20:57:56] Epoch 12/50
train Loss: 1.2493 Sample-Acc: 0.6331
val Loss: 1.2025 Sample-Acc: 0.6437
[2025-04-20 20:59:01] Finished epoch 12
----------
[2025-04-20 20:59:01] Epoch 13/50
train Loss: 1.2489 Sample-Acc: 0.6326
val Loss: 1.1965 Sample-Acc: 0.6363
[2025-04-20 21:00:06] Finished epoch 13
----------
[2025-04-20 21:00:06] Epoch 14/50
train Loss: 1.2401 Sample-Acc: 0.6390
val Loss: 1.1866 Sample-Acc: 0.6448
[2025-04-20 21:01:11] Finished epoch 14
----------
[2025-04-20 21:01:11] Epoch 15/50
train Loss: 1.2360 Sample-Acc: 0.6356
val Loss: 1.1862 Sample-Acc: 0.6445
[2025-04-20 21:02:16] Finished epoch 15
----------
[2025-04-20 21:02:16] Epoch 16/50
train Loss: 1.2347 Sample-Acc: 0.6400
val Loss: 1.1822 Sample-Acc: 0.6446
[2025-04-20 21:03:21] Finished epoch 16
----------
[2025-04-20 21:03:21] Epoch 17/50
train Loss: 1.2298 Sample-Acc: 0.6434
val Loss: 1.1776 Sample-Acc: 0.6552
[2025-04-20 21:04:26] Finished epoch 17
----------
[2025-04-20 21:04:26] Epoch 18/50
train Loss: 1.2279 Sample-Acc: 0.6414
val Loss: 1.1753 Sample-Acc: 0.6476
[2025-04-20 21:05:31] Finished epoch 18
----------
[2025-04-20 21:05:31] Epoch 19/50
train Loss: 1.2264 Sample-Acc: 0.6386
val Loss: 1.1725 Sample-Acc: 0.6500
[2025-04-20 21:06:36] Finished epoch 19
----------
[2025-04-20 21:06:36] Epoch 20/50
train Loss: 1.2139 Sample-Acc: 0.6480
val Loss: 1.1676 Sample-Acc: 0.6586
[2025-04-20 21:07:41] Finished epoch 20
----------
[2025-04-20 21:07:41] Epoch 21/50
train Loss: 1.2283 Sample-Acc: 0.6384
val Loss: 1.1671 Sample-Acc: 0.6513
[2025-04-20 21:08:45] Finished epoch 21
----------
[2025-04-20 21:08:45] Epoch 22/50
train Loss: 1.2159 Sample-Acc: 0.6466
val Loss: 1.1628 Sample-Acc: 0.6572
[2025-04-20 21:09:50] Finished epoch 22
----------
[2025-04-20 21:09:50] Epoch 23/50
train Loss: 1.2161 Sample-Acc: 0.6472
val Loss: 1.1612 Sample-Acc: 0.6537
[2025-04-20 21:10:55] Finished epoch 23
----------
[2025-04-20 21:10:55] Epoch 24/50
train Loss: 1.2209 Sample-Acc: 0.6423
val Loss: 1.1628 Sample-Acc: 0.6524
[2025-04-20 21:12:00] Finished epoch 24
----------
[2025-04-20 21:12:00] Epoch 25/50
train Loss: 1.2176 Sample-Acc: 0.6421
val Loss: 1.1585 Sample-Acc: 0.6559
[2025-04-20 21:13:05] Finished epoch 25
----------
[2025-04-20 21:13:05] Epoch 26/50
train Loss: 1.2106 Sample-Acc: 0.6479
val Loss: 1.1563 Sample-Acc: 0.6598
[2025-04-20 21:14:10] Finished epoch 26
----------
[2025-04-20 21:14:10] Epoch 27/50
train Loss: 1.2038 Sample-Acc: 0.6493
val Loss: 1.1569 Sample-Acc: 0.6630
[2025-04-20 21:15:15] Finished epoch 27
----------
[2025-04-20 21:15:15] Epoch 28/50
train Loss: 1.2051 Sample-Acc: 0.6529
val Loss: 1.1557 Sample-Acc: 0.6604
[2025-04-20 21:16:19] Finished epoch 28
----------
[2025-04-20 21:16:19] Epoch 29/50
train Loss: 1.2089 Sample-Acc: 0.6426
val Loss: 1.1505 Sample-Acc: 0.6610
[2025-04-20 21:17:24] Finished epoch 29
----------
[2025-04-20 21:17:24] Epoch 30/50
train Loss: 1.2074 Sample-Acc: 0.6501
val Loss: 1.1492 Sample-Acc: 0.6595
[2025-04-20 21:18:28] Finished epoch 30
----------
[2025-04-20 21:18:28] Epoch 31/50
train Loss: 1.2045 Sample-Acc: 0.6504
val Loss: 1.1510 Sample-Acc: 0.6658
[2025-04-20 21:19:29] Finished epoch 31
----------
[2025-04-20 21:19:29] Epoch 32/50
train Loss: 1.2035 Sample-Acc: 0.6527
val Loss: 1.1480 Sample-Acc: 0.6659
[2025-04-20 21:20:30] Finished epoch 32
----------
[2025-04-20 21:20:30] Epoch 33/50
train Loss: 1.1989 Sample-Acc: 0.6560
val Loss: 1.1443 Sample-Acc: 0.6703
[2025-04-20 21:21:30] Finished epoch 33
----------
[2025-04-20 21:21:30] Epoch 34/50
train Loss: 1.1981 Sample-Acc: 0.6566
val Loss: 1.1435 Sample-Acc: 0.6648
[2025-04-20 21:22:32] Finished epoch 34
----------
[2025-04-20 21:22:32] Epoch 35/50
train Loss: 1.2028 Sample-Acc: 0.6509
val Loss: 1.1445 Sample-Acc: 0.6657
[2025-04-20 21:23:32] Finished epoch 35
----------
[2025-04-20 21:23:32] Epoch 36/50
train Loss: 1.1980 Sample-Acc: 0.6525
val Loss: 1.1415 Sample-Acc: 0.6670
[2025-04-20 21:24:33] Finished epoch 36
----------
[2025-04-20 21:24:33] Epoch 37/50
train Loss: 1.2023 Sample-Acc: 0.6500
val Loss: 1.1418 Sample-Acc: 0.6626
[2025-04-20 21:25:34] Finished epoch 37
----------
[2025-04-20 21:25:34] Epoch 38/50
train Loss: 1.2011 Sample-Acc: 0.6509
val Loss: 1.1396 Sample-Acc: 0.6666
[2025-04-20 21:26:35] Finished epoch 38
----------
[2025-04-20 21:26:35] Epoch 39/50
train Loss: 1.1929 Sample-Acc: 0.6560
val Loss: 1.1373 Sample-Acc: 0.6715
[2025-04-20 21:27:35] Finished epoch 39
----------
[2025-04-20 21:27:35] Epoch 40/50
train Loss: 1.1970 Sample-Acc: 0.6562
val Loss: 1.1380 Sample-Acc: 0.6678
[2025-04-20 21:28:37] Finished epoch 40
----------
[2025-04-20 21:28:37] Epoch 41/50
train Loss: 1.1970 Sample-Acc: 0.6545
val Loss: 1.1385 Sample-Acc: 0.6713
[2025-04-20 21:29:37] Finished epoch 41
----------
[2025-04-20 21:29:37] Epoch 42/50
train Loss: 1.1927 Sample-Acc: 0.6571
val Loss: 1.1359 Sample-Acc: 0.6722
[2025-04-20 21:30:38] Finished epoch 42
----------
[2025-04-20 21:30:38] Epoch 43/50
train Loss: 1.1954 Sample-Acc: 0.6554
val Loss: 1.1404 Sample-Acc: 0.6700
[2025-04-20 21:31:39] Finished epoch 43
----------
[2025-04-20 21:31:39] Epoch 44/50
train Loss: 1.1920 Sample-Acc: 0.6555
val Loss: 1.1359 Sample-Acc: 0.6701
[2025-04-20 21:32:40] Finished epoch 44
----------
[2025-04-20 21:32:40] Epoch 45/50
train Loss: 1.1880 Sample-Acc: 0.6575
val Loss: 1.1353 Sample-Acc: 0.6793
[2025-04-20 21:33:41] Finished epoch 45
----------
[2025-04-20 21:33:41] Epoch 46/50
train Loss: 1.1924 Sample-Acc: 0.6586
val Loss: 1.1332 Sample-Acc: 0.6736
[2025-04-20 21:34:42] Finished epoch 46
----------
[2025-04-20 21:34:42] Epoch 47/50
train Loss: 1.1910 Sample-Acc: 0.6576
val Loss: 1.1337 Sample-Acc: 0.6709
[2025-04-20 21:35:43] Finished epoch 47
----------
[2025-04-20 21:35:43] Epoch 48/50
train Loss: 1.1838 Sample-Acc: 0.6566
val Loss: 1.1308 Sample-Acc: 0.6772
[2025-04-20 21:36:44] Finished epoch 48
----------
[2025-04-20 21:36:44] Epoch 49/50
train Loss: 1.1931 Sample-Acc: 0.6573
val Loss: 1.1334 Sample-Acc: 0.6703
[2025-04-20 21:37:45] Finished epoch 49
----------
[2025-04-20 21:37:45] Epoch 50/50
train Loss: 1.1876 Sample-Acc: 0.6546
val Loss: 1.1318 Sample-Acc: 0.6750
[2025-04-20 21:38:46] Finished epoch 50
----------
Training complete. Best val loss: 1.1308
Test Sample-Acc: 0.6717
[21:38:58] SLURM job complete
