[20:46:07] Loading modules
[20:46:07] Activating conda env
[20:46:08] Starting training script
Starting program with arguments: Namespace(model='cnn', mode='train', train_mode='fine_tune', data_dir='dogs', epochs=50, batch_size=200, num_classes=121, img_size=256, percentage=0.6, input_model='cnn_model.pth', input_model_G=None, input_model_D=None, seed=42)
Loading data from dogs...
Loaded 20580 total dog samples.
Reduced training set size: 9831
Data loaded successfully.
Loaded CNN model from cnn_model.pth
Training in fine_tune mode, with 9831 datapoints
[2025-04-20 20:46:11] Epoch 1/50
train Loss: 1.3743 Sample-Acc: 0.5387
val Loss: 1.3685 Sample-Acc: 0.6201
[2025-04-20 20:47:46] Finished epoch 1
----------
[2025-04-20 20:47:46] Epoch 2/50
train Loss: 1.3602 Sample-Acc: 0.6184
val Loss: 1.3419 Sample-Acc: 0.6710
[2025-04-20 20:49:18] Finished epoch 2
----------
[2025-04-20 20:49:18] Epoch 3/50
train Loss: 1.3410 Sample-Acc: 0.6385
val Loss: 1.3042 Sample-Acc: 0.6621
[2025-04-20 20:50:49] Finished epoch 3
----------
[2025-04-20 20:50:49] Epoch 4/50
train Loss: 1.3150 Sample-Acc: 0.6307
val Loss: 1.2713 Sample-Acc: 0.6458
[2025-04-20 20:52:21] Finished epoch 4
----------
[2025-04-20 20:52:21] Epoch 5/50
train Loss: 1.2974 Sample-Acc: 0.6206
val Loss: 1.2475 Sample-Acc: 0.6273
[2025-04-20 20:53:53] Finished epoch 5
----------
[2025-04-20 20:53:53] Epoch 6/50
train Loss: 1.2821 Sample-Acc: 0.6205
val Loss: 1.2268 Sample-Acc: 0.6248
[2025-04-20 20:55:25] Finished epoch 6
----------
[2025-04-20 20:55:25] Epoch 7/50
train Loss: 1.2689 Sample-Acc: 0.6198
val Loss: 1.2115 Sample-Acc: 0.6366
[2025-04-20 20:56:56] Finished epoch 7
----------
[2025-04-20 20:56:56] Epoch 8/50
train Loss: 1.2622 Sample-Acc: 0.6228
val Loss: 1.2033 Sample-Acc: 0.6281
[2025-04-20 20:58:28] Finished epoch 8
----------
[2025-04-20 20:58:28] Epoch 9/50
train Loss: 1.2541 Sample-Acc: 0.6274
val Loss: 1.1915 Sample-Acc: 0.6453
[2025-04-20 21:00:00] Finished epoch 9
----------
[2025-04-20 21:00:00] Epoch 10/50
train Loss: 1.2507 Sample-Acc: 0.6310
val Loss: 1.1830 Sample-Acc: 0.6485
[2025-04-20 21:01:32] Finished epoch 10
----------
[2025-04-20 21:01:32] Epoch 11/50
train Loss: 1.2407 Sample-Acc: 0.6344
val Loss: 1.1763 Sample-Acc: 0.6462
[2025-04-20 21:03:04] Finished epoch 11
----------
[2025-04-20 21:03:04] Epoch 12/50
train Loss: 1.2455 Sample-Acc: 0.6342
val Loss: 1.1692 Sample-Acc: 0.6587
[2025-04-20 21:04:35] Finished epoch 12
----------
[2025-04-20 21:04:35] Epoch 13/50
train Loss: 1.2332 Sample-Acc: 0.6386
val Loss: 1.1667 Sample-Acc: 0.6566
[2025-04-20 21:06:07] Finished epoch 13
----------
[2025-04-20 21:06:07] Epoch 14/50
train Loss: 1.2337 Sample-Acc: 0.6407
val Loss: 1.1616 Sample-Acc: 0.6510
[2025-04-20 21:07:38] Finished epoch 14
----------
[2025-04-20 21:07:38] Epoch 15/50
train Loss: 1.2293 Sample-Acc: 0.6410
val Loss: 1.1566 Sample-Acc: 0.6612
[2025-04-20 21:09:10] Finished epoch 15
----------
[2025-04-20 21:09:10] Epoch 16/50
train Loss: 1.2293 Sample-Acc: 0.6438
val Loss: 1.1547 Sample-Acc: 0.6523
[2025-04-20 21:10:42] Finished epoch 16
----------
[2025-04-20 21:10:42] Epoch 17/50
train Loss: 1.2241 Sample-Acc: 0.6423
val Loss: 1.1513 Sample-Acc: 0.6561
[2025-04-20 21:12:14] Finished epoch 17
----------
[2025-04-20 21:12:14] Epoch 18/50
train Loss: 1.2190 Sample-Acc: 0.6445
val Loss: 1.1469 Sample-Acc: 0.6616
[2025-04-20 21:13:45] Finished epoch 18
----------
[2025-04-20 21:13:45] Epoch 19/50
train Loss: 1.2228 Sample-Acc: 0.6459
val Loss: 1.1483 Sample-Acc: 0.6583
[2025-04-20 21:15:17] Finished epoch 19
----------
[2025-04-20 21:15:17] Epoch 20/50
train Loss: 1.2203 Sample-Acc: 0.6455
val Loss: 1.1483 Sample-Acc: 0.6547
[2025-04-20 21:16:49] Finished epoch 20
----------
[2025-04-20 21:16:49] Epoch 21/50
train Loss: 1.2146 Sample-Acc: 0.6477
val Loss: 1.1390 Sample-Acc: 0.6633
[2025-04-20 21:18:21] Finished epoch 21
----------
[2025-04-20 21:18:21] Epoch 22/50
train Loss: 1.2170 Sample-Acc: 0.6483
val Loss: 1.1422 Sample-Acc: 0.6616
[2025-04-20 21:19:52] Finished epoch 22
----------
[2025-04-20 21:19:52] Epoch 23/50
train Loss: 1.2114 Sample-Acc: 0.6509
val Loss: 1.1374 Sample-Acc: 0.6593
[2025-04-20 21:21:24] Finished epoch 23
----------
[2025-04-20 21:21:24] Epoch 24/50
train Loss: 1.2130 Sample-Acc: 0.6474
val Loss: 1.1361 Sample-Acc: 0.6661
[2025-04-20 21:22:56] Finished epoch 24
----------
[2025-04-20 21:22:56] Epoch 25/50
train Loss: 1.2153 Sample-Acc: 0.6494
val Loss: 1.1365 Sample-Acc: 0.6585
[2025-04-20 21:24:27] Finished epoch 25
----------
[2025-04-20 21:24:27] Epoch 26/50
train Loss: 1.2087 Sample-Acc: 0.6514
val Loss: 1.1333 Sample-Acc: 0.6643
[2025-04-20 21:25:59] Finished epoch 26
----------
[2025-04-20 21:25:59] Epoch 27/50
train Loss: 1.2059 Sample-Acc: 0.6516
val Loss: 1.1273 Sample-Acc: 0.6731
[2025-04-20 21:27:31] Finished epoch 27
----------
[2025-04-20 21:27:31] Epoch 28/50
train Loss: 1.2021 Sample-Acc: 0.6527
val Loss: 1.1257 Sample-Acc: 0.6677
[2025-04-20 21:29:03] Finished epoch 28
----------
[2025-04-20 21:29:03] Epoch 29/50
train Loss: 1.2075 Sample-Acc: 0.6488
val Loss: 1.1308 Sample-Acc: 0.6653
[2025-04-20 21:30:35] Finished epoch 29
----------
[2025-04-20 21:30:35] Epoch 30/50
train Loss: 1.2072 Sample-Acc: 0.6556
val Loss: 1.1280 Sample-Acc: 0.6682
[2025-04-20 21:32:07] Finished epoch 30
----------
[2025-04-20 21:32:07] Epoch 31/50
train Loss: 1.2055 Sample-Acc: 0.6542
val Loss: 1.1250 Sample-Acc: 0.6726
[2025-04-20 21:33:39] Finished epoch 31
----------
[2025-04-20 21:33:39] Epoch 32/50
train Loss: 1.2013 Sample-Acc: 0.6555
val Loss: 1.1254 Sample-Acc: 0.6641
[2025-04-20 21:35:11] Finished epoch 32
----------
[2025-04-20 21:35:11] Epoch 33/50
train Loss: 1.2029 Sample-Acc: 0.6524
val Loss: 1.1287 Sample-Acc: 0.6664
[2025-04-20 21:36:42] Finished epoch 33
----------
[2025-04-20 21:36:42] Epoch 34/50
train Loss: 1.2023 Sample-Acc: 0.6546
val Loss: 1.1238 Sample-Acc: 0.6726
[2025-04-20 21:38:14] Finished epoch 34
----------
[2025-04-20 21:38:14] Epoch 35/50
train Loss: 1.1986 Sample-Acc: 0.6557
val Loss: 1.1216 Sample-Acc: 0.6693
[2025-04-20 21:39:45] Finished epoch 35
----------
[2025-04-20 21:39:45] Epoch 36/50
train Loss: 1.2049 Sample-Acc: 0.6544
val Loss: 1.1216 Sample-Acc: 0.6709
[2025-04-20 21:41:17] Finished epoch 36
----------
[2025-04-20 21:41:17] Epoch 37/50
train Loss: 1.1993 Sample-Acc: 0.6547
val Loss: 1.1186 Sample-Acc: 0.6756
[2025-04-20 21:42:49] Finished epoch 37
----------
[2025-04-20 21:42:49] Epoch 38/50
train Loss: 1.1947 Sample-Acc: 0.6584
val Loss: 1.1195 Sample-Acc: 0.6741
[2025-04-20 21:44:21] Finished epoch 38
----------
[2025-04-20 21:44:21] Epoch 39/50
train Loss: 1.1967 Sample-Acc: 0.6577
val Loss: 1.1145 Sample-Acc: 0.6771
[2025-04-20 21:45:52] Finished epoch 39
----------
[2025-04-20 21:45:52] Epoch 40/50
train Loss: 1.1983 Sample-Acc: 0.6561
val Loss: 1.1154 Sample-Acc: 0.6736
[2025-04-20 21:47:24] Finished epoch 40
----------
[2025-04-20 21:47:24] Epoch 41/50
train Loss: 1.1923 Sample-Acc: 0.6589
val Loss: 1.1154 Sample-Acc: 0.6665
[2025-04-20 21:48:56] Finished epoch 41
----------
[2025-04-20 21:48:56] Epoch 42/50
train Loss: 1.2000 Sample-Acc: 0.6510
val Loss: 1.1159 Sample-Acc: 0.6726
[2025-04-20 21:50:28] Finished epoch 42
----------
[2025-04-20 21:50:28] Epoch 43/50
train Loss: 1.1991 Sample-Acc: 0.6522
val Loss: 1.1125 Sample-Acc: 0.6731
[2025-04-20 21:51:59] Finished epoch 43
----------
[2025-04-20 21:51:59] Epoch 44/50
train Loss: 1.1946 Sample-Acc: 0.6561
val Loss: 1.1117 Sample-Acc: 0.6732
[2025-04-20 21:53:31] Finished epoch 44
----------
[2025-04-20 21:53:31] Epoch 45/50
train Loss: 1.1887 Sample-Acc: 0.6596
val Loss: 1.1142 Sample-Acc: 0.6760
[2025-04-20 21:55:03] Finished epoch 45
----------
[2025-04-20 21:55:03] Epoch 46/50
train Loss: 1.1930 Sample-Acc: 0.6570
val Loss: 1.1088 Sample-Acc: 0.6778
[2025-04-20 21:56:35] Finished epoch 46
----------
[2025-04-20 21:56:35] Epoch 47/50
train Loss: 1.1922 Sample-Acc: 0.6564
val Loss: 1.1098 Sample-Acc: 0.6758
[2025-04-20 21:58:06] Finished epoch 47
----------
[2025-04-20 21:58:06] Epoch 48/50
train Loss: 1.1906 Sample-Acc: 0.6572
val Loss: 1.1081 Sample-Acc: 0.6735
[2025-04-20 21:59:38] Finished epoch 48
----------
[2025-04-20 21:59:38] Epoch 49/50
train Loss: 1.1964 Sample-Acc: 0.6571
val Loss: 1.1092 Sample-Acc: 0.6737
[2025-04-20 22:01:09] Finished epoch 49
----------
[2025-04-20 22:01:09] Epoch 50/50
train Loss: 1.1938 Sample-Acc: 0.6548
val Loss: 1.1061 Sample-Acc: 0.6758
[2025-04-20 22:02:40] Finished epoch 50
----------
Training complete. Best val loss: 1.1061
Test Sample-Acc: 0.6720
[22:02:58] SLURM job complete
